-------------------------------------------------------------------------------
Test set: test.CRMTest
-------------------------------------------------------------------------------
Tests run: 1, Failures: 1, Errors: 0, Skipped: 0, Time elapsed: 14.932 sec <<< FAILURE!
createQuickDraft(test.CRMTest)  Time elapsed: 13.064 sec  <<< FAILURE!
org.openqa.selenium.SessionNotCreatedException: session not created: This version of ChromeDriver only supports Chrome version 83
Build info: version: '3.7.1', revision: '8a0099a', time: '2017-11-06T21:01:39.354Z'
System info: host: 'silverone1', ip: '192.168.1.64', os.name: 'Windows 10', os.arch: 'amd64', os.version: '10.0', java.version: '1.8.0_231'
Driver info: driver.version: ChromeDriver
remote stacktrace: Backtrace:
	Ordinal0 [0x00779563+2725219]
	Ordinal0 [0x00678551+1672529]
	Ordinal0 [0x00560359+525145]
	Ordinal0 [0x004F0B77+68471]
	Ordinal0 [0x004ED32C+54060]
	Ordinal0 [0x0050CC37+183351]
	Ordinal0 [0x0050CA3D+182845]
	Ordinal0 [0x0050A94B+174411]
	Ordinal0 [0x004F2528+75048]
	Ordinal0 [0x004F35A0+79264]
	Ordinal0 [0x004F3539+79161]
	Ordinal0 [0x0068D607+1758727]
	GetHandleVerifier [0x00896546+1050150]
	GetHandleVerifier [0x00896291+1049457]
	GetHandleVerifier [0x008A10D7+1094071]
	GetHandleVerifier [0x00896B46+1051686]
	Ordinal0 [0x00685B06+1727238]
	Ordinal0 [0x0068EB7B+1764219]
	Ordinal0 [0x0068ECE3+1764579]
	Ordinal0 [0x006A4C05+1854469]
	BaseThreadInitThunk [0x75586359+25]
	RtlGetAppContainerNamedObjectPath [0x779D7C24+228]
	RtlGetAppContainerNamedObjectPath [0x779D7BF4+180]

	at sun.reflect.NativeConstructorAccessorImpl.newInstance0(Native Method)
	at sun.reflect.NativeConstructorAccessorImpl.newInstance(NativeConstructorAccessorImpl.java:62)
	at sun.reflect.DelegatingConstructorAccessorImpl.newInstance(DelegatingConstructorAccessorImpl.java:45)
	at java.lang.reflect.Constructor.newInstance(Constructor.java:423)
	at org.openqa.selenium.remote.W3CHandshakeResponse.lambda$new$0(W3CHandshakeResponse.java:57)
	at org.openqa.selenium.remote.W3CHandshakeResponse.lambda$getResponseFunction$2(W3CHandshakeResponse.java:104)
	at org.openqa.selenium.remote.ProtocolHandshake.lambda$createSession$0(ProtocolHandshake.java:123)
	at java.util.stream.ReferencePipeline$3$1.accept(ReferencePipeline.java:193)
	at java.util.Spliterators$ArraySpliterator.tryAdvance(Spliterators.java:958)
	at java.util.stream.ReferencePipeline.forEachWithCancel(ReferencePipeline.java:126)
	at java.util.stream.AbstractPipeline.copyIntoWithCancel(AbstractPipeline.java:499)
	at java.util.stream.AbstractPipeline.copyInto(AbstractPipeline.java:486)
	at java.util.stream.AbstractPipeline.wrapAndCopyInto(AbstractPipeline.java:472)
	at java.util.stream.FindOps$FindOp.evaluateSequential(FindOps.java:152)
	at java.util.stream.AbstractPipeline.evaluate(AbstractPipeline.java:234)
	at java.util.stream.ReferencePipeline.findFirst(ReferencePipeline.java:464)
	at org.openqa.selenium.remote.ProtocolHandshake.createSession(ProtocolHandshake.java:126)
	at org.openqa.selenium.remote.ProtocolHandshake.createSession(ProtocolHandshake.java:73)
	at org.openqa.selenium.remote.HttpCommandExecutor.execute(HttpCommandExecutor.java:142)
	at org.openqa.selenium.remote.service.DriverCommandExecutor.execute(DriverCommandExecutor.java:83)
	at org.openqa.selenium.remote.RemoteWebDriver.execute(RemoteWebDriver.java:600)
	at org.openqa.selenium.remote.RemoteWebDriver.startSession(RemoteWebDriver.java:219)
	at org.openqa.selenium.remote.RemoteWebDriver.<init>(RemoteWebDriver.java:142)
	at org.openqa.selenium.chrome.ChromeDriver.<init>(ChromeDriver.java:181)
	at org.openqa.selenium.chrome.ChromeDriver.<init>(ChromeDriver.java:168)
	at org.openqa.selenium.chrome.ChromeDriver.<init>(ChromeDriver.java:123)
	at util.CRMBrowserFactory.startBrowser(CRMBrowserFactory.java:15)
	at test.CRMTest.createQuickDraft(CRMTest.java:16)

